2024-03-11 16:39:30,711 - INFO - -----------------------------------------
2024-03-11 16:39:30,774 - INFO - Video pipeline started successfully.
2024-03-11 16:43:49,333 - INFO - -----------------------------------------
2024-03-11 16:43:49,382 - INFO - Video pipeline started successfully.
2024-03-11 16:44:53,915 - INFO - Video pipeline stopped and resources released.
2024-03-11 16:53:57,822 - INFO - -----------------------------------------
2024-03-11 16:53:57,874 - INFO - Video pipeline started successfully.
2024-03-11 16:55:00,396 - INFO - Video pipeline stopped and resources released.
2024-03-11 16:58:57,278 - INFO - -----------------------------------------
2024-03-11 16:58:57,326 - INFO - Video pipeline started successfully.
2024-03-11 17:00:02,781 - INFO - Video pipeline stopped and resources released.
2024-03-11 17:08:02,794 - INFO - -----------------------------------------
2024-03-11 17:08:02,844 - INFO - Video pipeline started successfully.
2024-03-11 17:08:04,286 - ERROR - An error occurred: float division by zero
2024-03-11 17:08:04,336 - INFO - Video pipeline stopped and resources released.
2024-03-11 17:08:09,370 - INFO - -----------------------------------------
2024-03-11 17:08:09,443 - INFO - Video pipeline started successfully.
2024-03-11 17:08:11,487 - ERROR - An error occurred: float division by zero
2024-03-11 17:08:11,941 - INFO - Video pipeline stopped and resources released.
2024-03-11 17:09:18,758 - INFO - -----------------------------------------
2024-03-11 17:09:18,805 - INFO - Video pipeline started successfully.
2024-03-11 17:09:20,284 - ERROR - An error occurred: float division by zero
2024-03-11 17:09:20,302 - INFO - Video pipeline stopped and resources released.
2024-04-13 10:42:41,492 - INFO - -----------------------------------------
2024-04-13 10:42:41,536 - INFO - Video pipeline started successfully.
2024-04-13 10:42:56,987 - INFO - Video pipeline stopped.
2024-04-13 10:42:56,990 - INFO - Resources released.
2024-04-13 10:43:03,516 - INFO - -----------------------------------------
2024-04-13 10:43:03,564 - INFO - Video pipeline started successfully.
2024-04-13 10:43:23,701 - INFO - -----------------------------------------
2024-04-13 10:43:23,746 - INFO - Video pipeline started successfully.
2024-04-13 10:43:42,238 - INFO - Video pipeline stopped and resources released.
2024-04-13 11:39:11,959 - INFO - -----------------------------------------
2024-04-13 11:39:27,219 - INFO - Interrupted by user
